This file contains any messages produced by compilers while
running configure, to aid debugging if configure makes a mistake.

It was created by tmarlin configure 1.0, which was
generated by GNU Autoconf 2.69.  Invocation command line was

  $ ./configure 

## --------- ##
## Platform. ##
## --------- ##

hostname = localhost
uname -m = x86_64
uname -r = 4.4.0-93-generic
uname -s = Linux
uname -v = #116~14.04.1-Ubuntu SMP Mon Aug 14 16:07:05 UTC 2017

/usr/bin/uname -p = unknown
/bin/uname -X     = unknown

/bin/arch              = unknown
/usr/bin/arch -k       = unknown
/usr/convex/getsysinfo = unknown
/usr/bin/hostinfo      = unknown
/bin/machine           = unknown
/usr/bin/oslevel       = unknown
/bin/universe          = unknown

PATH: /opt/jdk1.8.0_131//bin
PATH: /usr/local/sbin
PATH: /usr/local/bin
PATH: /usr/sbin
PATH: /usr/bin
PATH: /sbin
PATH: /bin
PATH: /usr/games
PATH: /usr/local/games
PATH: /opt/maven-3.6.1//bin


## ----------- ##
## Core tests. ##
## ----------- ##

configure:2300: checking for a BSD-compatible install
configure:2368: result: /usr/bin/install -c
configure:2379: checking whether build environment is sane
configure:2434: result: yes
configure:2585: checking for a thread-safe mkdir -p
configure:2624: result: /bin/mkdir -p
configure:2631: checking for gawk
configure:2661: result: no
configure:2631: checking for mawk
configure:2647: found /usr/bin/mawk
configure:2658: result: mawk
configure:2669: checking whether make sets $(MAKE)
configure:2691: result: yes
configure:2720: checking whether make supports nested variables
configure:2737: result: yes
configure:2916: checking for gcc
configure:2932: found /usr/bin/gcc
configure:2943: result: gcc
configure:3172: checking for C compiler version
configure:3181: gcc --version >&5
gcc (Ubuntu 4.8.4-2ubuntu1~14.04.4) 4.8.4
Copyright (C) 2013 Free Software Foundation, Inc.
This is free software; see the source for copying conditions.  There is NO
warranty; not even for MERCHANTABILITY or FITNESS FOR A PARTICULAR PURPOSE.

configure:3192: $? = 0
configure:3181: gcc -v >&5
Using built-in specs.
COLLECT_GCC=gcc
COLLECT_LTO_WRAPPER=/usr/lib/gcc/x86_64-linux-gnu/4.8/lto-wrapper
Target: x86_64-linux-gnu
Configured with: ../src/configure -v --with-pkgversion='Ubuntu 4.8.4-2ubuntu1~14.04.4' --with-bugurl=file:///usr/share/doc/gcc-4.8/README.Bugs --enable-languages=c,c++,java,go,d,fortran,objc,obj-c++ --prefix=/usr --program-suffix=-4.8 --enable-shared --enable-linker-build-id --libexecdir=/usr/lib --without-included-gettext --enable-threads=posix --with-gxx-include-dir=/usr/include/c++/4.8 --libdir=/usr/lib --enable-nls --with-sysroot=/ --enable-clocale=gnu --enable-libstdcxx-debug --enable-libstdcxx-time=yes --enable-gnu-unique-object --disable-libmudflap --enable-plugin --with-system-zlib --disable-browser-plugin --enable-java-awt=gtk --enable-gtk-cairo --with-java-home=/usr/lib/jvm/java-1.5.0-gcj-4.8-amd64/jre --enable-java-home --with-jvm-root-dir=/usr/lib/jvm/java-1.5.0-gcj-4.8-amd64 --with-jvm-jar-dir=/usr/lib/jvm-exports/java-1.5.0-gcj-4.8-amd64 --with-arch-directory=amd64 --with-ecj-jar=/usr/share/java/eclipse-ecj.jar --enable-objc-gc --enable-multiarch --disable-werror --with-arch-32=i686 --with-abi=m64 --with-multilib-list=m32,m64,mx32 --with-tune=generic --enable-checking=release --build=x86_64-linux-gnu --host=x86_64-linux-gnu --target=x86_64-linux-gnu
Thread model: posix
gcc version 4.8.4 (Ubuntu 4.8.4-2ubuntu1~14.04.4) 
configure:3192: $? = 0
configure:3181: gcc -V >&5
gcc: error: unrecognized command line option '-V'
gcc: fatal error: no input files
compilation terminated.
configure:3192: $? = 4
configure:3181: gcc -qversion >&5
gcc: error: unrecognized command line option '-qversion'
gcc: fatal error: no input files
compilation terminated.
configure:3192: $? = 4
configure:3212: checking whether the C compiler works
configure:3234: gcc    conftest.c  >&5
configure:3238: $? = 0
configure:3286: result: yes
configure:3289: checking for C compiler default output file name
configure:3291: result: a.out
configure:3297: checking for suffix of executables
configure:3304: gcc -o conftest    conftest.c  >&5
configure:3308: $? = 0
configure:3330: result: 
configure:3352: checking whether we are cross compiling
configure:3360: gcc -o conftest    conftest.c  >&5
configure:3364: $? = 0
configure:3371: ./conftest
configure:3375: $? = 0
configure:3390: result: no
configure:3395: checking for suffix of object files
configure:3417: gcc -c   conftest.c >&5
configure:3421: $? = 0
configure:3442: result: o
configure:3446: checking whether we are using the GNU C compiler
configure:3465: gcc -c   conftest.c >&5
configure:3465: $? = 0
configure:3474: result: yes
configure:3483: checking whether gcc accepts -g
configure:3503: gcc -c -g  conftest.c >&5
configure:3503: $? = 0
configure:3544: result: yes
configure:3561: checking for gcc option to accept ISO C89
configure:3624: gcc  -c -g -O2  conftest.c >&5
configure:3624: $? = 0
configure:3637: result: none needed
configure:3662: checking whether gcc understands -c and -o together
configure:3684: gcc -c conftest.c -o conftest2.o
configure:3687: $? = 0
configure:3684: gcc -c conftest.c -o conftest2.o
configure:3687: $? = 0
configure:3699: result: yes
configure:3727: checking for style of include used by make
configure:3755: result: GNU
configure:3781: checking dependency style of gcc
configure:3892: result: gcc3
configure:3911: checking for main in -ldl
configure:3930: gcc -o conftest -g -O2   conftest.c -ldl   >&5
configure:3930: $? = 0
configure:3939: result: yes
configure:3951: checking for main in -lm
configure:3970: gcc -o conftest -g -O2   conftest.c -lm  -ldl  >&5
configure:3970: $? = 0
configure:3979: result: yes
configure:3991: checking for main in -lpthread
configure:4010: gcc -o conftest -g -O2   conftest.c -lpthread  -lm -ldl  >&5
configure:4010: $? = 0
configure:4019: result: yes
configure:4031: checking for main in -lpcap
configure:4050: gcc -o conftest -g -O2   conftest.c -lpcap  -lpthread -lm -ldl  >&5
configure:4050: $? = 0
configure:4059: result: yes
configure:4077: checking how to run the C preprocessor
configure:4108: gcc -E  conftest.c
configure:4108: $? = 0
configure:4122: gcc -E  conftest.c
conftest.c:15:28: fatal error: ac_nonexistent.h: No such file or directory
 #include <ac_nonexistent.h>
                            ^
compilation terminated.
configure:4122: $? = 1
configure: failed program was:
| /* confdefs.h */
| #define PACKAGE_NAME "tmarlin"
| #define PACKAGE_TARNAME "tmarlin"
| #define PACKAGE_VERSION "1.0"
| #define PACKAGE_STRING "tmarlin 1.0"
| #define PACKAGE_BUGREPORT "aa@qq.com"
| #define PACKAGE_URL ""
| #define PACKAGE "tmarlin"
| #define VERSION "1.0"
| #define HAVE_LIBDL 1
| #define HAVE_LIBM 1
| #define HAVE_LIBPTHREAD 1
| #define HAVE_LIBPCAP 1
| /* end confdefs.h.  */
| #include <ac_nonexistent.h>
configure:4147: result: gcc -E
configure:4167: gcc -E  conftest.c
configure:4167: $? = 0
configure:4181: gcc -E  conftest.c
conftest.c:15:28: fatal error: ac_nonexistent.h: No such file or directory
 #include <ac_nonexistent.h>
                            ^
compilation terminated.
configure:4181: $? = 1
configure: failed program was:
| /* confdefs.h */
| #define PACKAGE_NAME "tmarlin"
| #define PACKAGE_TARNAME "tmarlin"
| #define PACKAGE_VERSION "1.0"
| #define PACKAGE_STRING "tmarlin 1.0"
| #define PACKAGE_BUGREPORT "aa@qq.com"
| #define PACKAGE_URL ""
| #define PACKAGE "tmarlin"
| #define VERSION "1.0"
| #define HAVE_LIBDL 1
| #define HAVE_LIBM 1
| #define HAVE_LIBPTHREAD 1
| #define HAVE_LIBPCAP 1
| /* end confdefs.h.  */
| #include <ac_nonexistent.h>
configure:4210: checking for grep that handles long lines and -e
configure:4268: result: /bin/grep
configure:4273: checking for egrep
configure:4335: result: /bin/grep -E
configure:4340: checking for ANSI C header files
configure:4360: gcc -c -g -O2  conftest.c >&5
configure:4360: $? = 0
configure:4433: gcc -o conftest -g -O2   conftest.c -lpcap -lpthread -lm -ldl  >&5
configure:4433: $? = 0
configure:4433: ./conftest
configure:4433: $? = 0
configure:4444: result: yes
configure:4457: checking for sys/types.h
configure:4457: gcc -c -g -O2  conftest.c >&5
configure:4457: $? = 0
configure:4457: result: yes
configure:4457: checking for sys/stat.h
configure:4457: gcc -c -g -O2  conftest.c >&5
configure:4457: $? = 0
configure:4457: result: yes
configure:4457: checking for stdlib.h
configure:4457: gcc -c -g -O2  conftest.c >&5
configure:4457: $? = 0
configure:4457: result: yes
configure:4457: checking for string.h
configure:4457: gcc -c -g -O2  conftest.c >&5
configure:4457: $? = 0
configure:4457: result: yes
configure:4457: checking for memory.h
configure:4457: gcc -c -g -O2  conftest.c >&5
configure:4457: $? = 0
configure:4457: result: yes
configure:4457: checking for strings.h
configure:4457: gcc -c -g -O2  conftest.c >&5
configure:4457: $? = 0
configure:4457: result: yes
configure:4457: checking for inttypes.h
configure:4457: gcc -c -g -O2  conftest.c >&5
configure:4457: $? = 0
configure:4457: result: yes
configure:4457: checking for stdint.h
configure:4457: gcc -c -g -O2  conftest.c >&5
configure:4457: $? = 0
configure:4457: result: yes
configure:4457: checking for unistd.h
configure:4457: gcc -c -g -O2  conftest.c >&5
configure:4457: $? = 0
configure:4457: result: yes
configure:4472: checking arpa/inet.h usability
configure:4472: gcc -c -g -O2  conftest.c >&5
configure:4472: $? = 0
configure:4472: result: yes
configure:4472: checking arpa/inet.h presence
configure:4472: gcc -E  conftest.c
configure:4472: $? = 0
configure:4472: result: yes
configure:4472: checking for arpa/inet.h
configure:4472: result: yes
configure:4472: checking fcntl.h usability
configure:4472: gcc -c -g -O2  conftest.c >&5
configure:4472: $? = 0
configure:4472: result: yes
configure:4472: checking fcntl.h presence
configure:4472: gcc -E  conftest.c
configure:4472: $? = 0
configure:4472: result: yes
configure:4472: checking for fcntl.h
configure:4472: result: yes
configure:4472: checking float.h usability
configure:4472: gcc -c -g -O2  conftest.c >&5
configure:4472: $? = 0
configure:4472: result: yes
configure:4472: checking float.h presence
configure:4472: gcc -E  conftest.c
configure:4472: $? = 0
configure:4472: result: yes
configure:4472: checking for float.h
configure:4472: result: yes
configure:4472: checking limits.h usability
configure:4472: gcc -c -g -O2  conftest.c >&5
configure:4472: $? = 0
configure:4472: result: yes
configure:4472: checking limits.h presence
configure:4472: gcc -E  conftest.c
configure:4472: $? = 0
configure:4472: result: yes
configure:4472: checking for limits.h
configure:4472: result: yes
configure:4472: checking netdb.h usability
configure:4472: gcc -c -g -O2  conftest.c >&5
configure:4472: $? = 0
configure:4472: result: yes
configure:4472: checking netdb.h presence
configure:4472: gcc -E  conftest.c
configure:4472: $? = 0
configure:4472: result: yes
configure:4472: checking for netdb.h
configure:4472: result: yes
configure:4472: checking netinet/in.h usability
configure:4472: gcc -c -g -O2  conftest.c >&5
configure:4472: $? = 0
configure:4472: result: yes
configure:4472: checking netinet/in.h presence
configure:4472: gcc -E  conftest.c
configure:4472: $? = 0
configure:4472: result: yes
configure:4472: checking for netinet/in.h
configure:4472: result: yes
configure:4472: checking for stdlib.h
configure:4472: result: yes
configure:4472: checking for string.h
configure:4472: result: yes
configure:4472: checking sys/ioctl.h usability
configure:4472: gcc -c -g -O2  conftest.c >&5
configure:4472: $? = 0
configure:4472: result: yes
configure:4472: checking sys/ioctl.h presence
configure:4472: gcc -E  conftest.c
configure:4472: $? = 0
configure:4472: result: yes
configure:4472: checking for sys/ioctl.h
configure:4472: result: yes
configure:4472: checking sys/socket.h usability
configure:4472: gcc -c -g -O2  conftest.c >&5
configure:4472: $? = 0
configure:4472: result: yes
configure:4472: checking sys/socket.h presence
configure:4472: gcc -E  conftest.c
configure:4472: $? = 0
configure:4472: result: yes
configure:4472: checking for sys/socket.h
configure:4472: result: yes
configure:4472: checking sys/time.h usability
configure:4472: gcc -c -g -O2  conftest.c >&5
configure:4472: $? = 0
configure:4472: result: yes
configure:4472: checking sys/time.h presence
configure:4472: gcc -E  conftest.c
configure:4472: $? = 0
configure:4472: result: yes
configure:4472: checking for sys/time.h
configure:4472: result: yes
configure:4472: checking sys/vfs.h usability
configure:4472: gcc -c -g -O2  conftest.c >&5
configure:4472: $? = 0
configure:4472: result: yes
configure:4472: checking sys/vfs.h presence
configure:4472: gcc -E  conftest.c
configure:4472: $? = 0
configure:4472: result: yes
configure:4472: checking for sys/vfs.h
configure:4472: result: yes
configure:4472: checking syslog.h usability
configure:4472: gcc -c -g -O2  conftest.c >&5
configure:4472: $? = 0
configure:4472: result: yes
configure:4472: checking syslog.h presence
configure:4472: gcc -E  conftest.c
configure:4472: $? = 0
configure:4472: result: yes
configure:4472: checking for syslog.h
configure:4472: result: yes
configure:4472: checking for unistd.h
configure:4472: result: yes
configure:4484: checking for pid_t
configure:4484: gcc -c -g -O2  conftest.c >&5
configure:4484: $? = 0
configure:4484: gcc -c -g -O2  conftest.c >&5
conftest.c: In function 'main':
conftest.c:75:20: error: expected expression before ')' token
 if (sizeof ((pid_t)))
                    ^
configure:4484: $? = 1
configure: failed program was:
| /* confdefs.h */
| #define PACKAGE_NAME "tmarlin"
| #define PACKAGE_TARNAME "tmarlin"
| #define PACKAGE_VERSION "1.0"
| #define PACKAGE_STRING "tmarlin 1.0"
| #define PACKAGE_BUGREPORT "aa@qq.com"
| #define PACKAGE_URL ""
| #define PACKAGE "tmarlin"
| #define VERSION "1.0"
| #define HAVE_LIBDL 1
| #define HAVE_LIBM 1
| #define HAVE_LIBPTHREAD 1
| #define HAVE_LIBPCAP 1
| #define STDC_HEADERS 1
| #define HAVE_SYS_TYPES_H 1
| #define HAVE_SYS_STAT_H 1
| #define HAVE_STDLIB_H 1
| #define HAVE_STRING_H 1
| #define HAVE_MEMORY_H 1
| #define HAVE_STRINGS_H 1
| #define HAVE_INTTYPES_H 1
| #define HAVE_STDINT_H 1
| #define HAVE_UNISTD_H 1
| #define HAVE_ARPA_INET_H 1
| #define HAVE_FCNTL_H 1
| #define HAVE_FLOAT_H 1
| #define HAVE_LIMITS_H 1
| #define HAVE_NETDB_H 1
| #define HAVE_NETINET_IN_H 1
| #define HAVE_STDLIB_H 1
| #define HAVE_STRING_H 1
| #define HAVE_SYS_IOCTL_H 1
| #define HAVE_SYS_SOCKET_H 1
| #define HAVE_SYS_TIME_H 1
| #define HAVE_SYS_VFS_H 1
| #define HAVE_SYSLOG_H 1
| #define HAVE_UNISTD_H 1
| /* end confdefs.h.  */
| #include <stdio.h>
| #ifdef HAVE_SYS_TYPES_H
| # include <sys/types.h>
| #endif
| #ifdef HAVE_SYS_STAT_H
| # include <sys/stat.h>
| #endif
| #ifdef STDC_HEADERS
| # include <stdlib.h>
| # include <stddef.h>
| #else
| # ifdef HAVE_STDLIB_H
| #  include <stdlib.h>
| # endif
| #endif
| #ifdef HAVE_STRING_H
| # if !defined STDC_HEADERS && defined HAVE_MEMORY_H
| #  include <memory.h>
| # endif
| # include <string.h>
| #endif
| #ifdef HAVE_STRINGS_H
| # include <strings.h>
| #endif
| #ifdef HAVE_INTTYPES_H
| # include <inttypes.h>
| #endif
| #ifdef HAVE_STDINT_H
| # include <stdint.h>
| #endif
| #ifdef HAVE_UNISTD_H
| # include <unistd.h>
| #endif
| int
| main ()
| {
| if (sizeof ((pid_t)))
| 	    return 0;
|   ;
|   return 0;
| }
configure:4484: result: yes
configure:4495: checking for size_t
configure:4495: gcc -c -g -O2  conftest.c >&5
configure:4495: $? = 0
configure:4495: gcc -c -g -O2  conftest.c >&5
conftest.c: In function 'main':
conftest.c:75:21: error: expected expression before ')' token
 if (sizeof ((size_t)))
                     ^
configure:4495: $? = 1
configure: failed program was:
| /* confdefs.h */
| #define PACKAGE_NAME "tmarlin"
| #define PACKAGE_TARNAME "tmarlin"
| #define PACKAGE_VERSION "1.0"
| #define PACKAGE_STRING "tmarlin 1.0"
| #define PACKAGE_BUGREPORT "aa@qq.com"
| #define PACKAGE_URL ""
| #define PACKAGE "tmarlin"
| #define VERSION "1.0"
| #define HAVE_LIBDL 1
| #define HAVE_LIBM 1
| #define HAVE_LIBPTHREAD 1
| #define HAVE_LIBPCAP 1
| #define STDC_HEADERS 1
| #define HAVE_SYS_TYPES_H 1
| #define HAVE_SYS_STAT_H 1
| #define HAVE_STDLIB_H 1
| #define HAVE_STRING_H 1
| #define HAVE_MEMORY_H 1
| #define HAVE_STRINGS_H 1
| #define HAVE_INTTYPES_H 1
| #define HAVE_STDINT_H 1
| #define HAVE_UNISTD_H 1
| #define HAVE_ARPA_INET_H 1
| #define HAVE_FCNTL_H 1
| #define HAVE_FLOAT_H 1
| #define HAVE_LIMITS_H 1
| #define HAVE_NETDB_H 1
| #define HAVE_NETINET_IN_H 1
| #define HAVE_STDLIB_H 1
| #define HAVE_STRING_H 1
| #define HAVE_SYS_IOCTL_H 1
| #define HAVE_SYS_SOCKET_H 1
| #define HAVE_SYS_TIME_H 1
| #define HAVE_SYS_VFS_H 1
| #define HAVE_SYSLOG_H 1
| #define HAVE_UNISTD_H 1
| /* end confdefs.h.  */
| #include <stdio.h>
| #ifdef HAVE_SYS_TYPES_H
| # include <sys/types.h>
| #endif
| #ifdef HAVE_SYS_STAT_H
| # include <sys/stat.h>
| #endif
| #ifdef STDC_HEADERS
| # include <stdlib.h>
| # include <stddef.h>
| #else
| # ifdef HAVE_STDLIB_H
| #  include <stdlib.h>
| # endif
| #endif
| #ifdef HAVE_STRING_H
| # if !defined STDC_HEADERS && defined HAVE_MEMORY_H
| #  include <memory.h>
| # endif
| # include <string.h>
| #endif
| #ifdef HAVE_STRINGS_H
| # include <strings.h>
| #endif
| #ifdef HAVE_INTTYPES_H
| # include <inttypes.h>
| #endif
| #ifdef HAVE_STDINT_H
| # include <stdint.h>
| #endif
| #ifdef HAVE_UNISTD_H
| # include <unistd.h>
| #endif
| int
| main ()
| {
| if (sizeof ((size_t)))
| 	    return 0;
|   ;
|   return 0;
| }
configure:4495: result: yes
configure:4506: checking for ssize_t
configure:4506: gcc -c -g -O2  conftest.c >&5
configure:4506: $? = 0
configure:4506: gcc -c -g -O2  conftest.c >&5
conftest.c: In function 'main':
conftest.c:75:22: error: expected expression before ')' token
 if (sizeof ((ssize_t)))
                      ^
configure:4506: $? = 1
configure: failed program was:
| /* confdefs.h */
| #define PACKAGE_NAME "tmarlin"
| #define PACKAGE_TARNAME "tmarlin"
| #define PACKAGE_VERSION "1.0"
| #define PACKAGE_STRING "tmarlin 1.0"
| #define PACKAGE_BUGREPORT "aa@qq.com"
| #define PACKAGE_URL ""
| #define PACKAGE "tmarlin"
| #define VERSION "1.0"
| #define HAVE_LIBDL 1
| #define HAVE_LIBM 1
| #define HAVE_LIBPTHREAD 1
| #define HAVE_LIBPCAP 1
| #define STDC_HEADERS 1
| #define HAVE_SYS_TYPES_H 1
| #define HAVE_SYS_STAT_H 1
| #define HAVE_STDLIB_H 1
| #define HAVE_STRING_H 1
| #define HAVE_MEMORY_H 1
| #define HAVE_STRINGS_H 1
| #define HAVE_INTTYPES_H 1
| #define HAVE_STDINT_H 1
| #define HAVE_UNISTD_H 1
| #define HAVE_ARPA_INET_H 1
| #define HAVE_FCNTL_H 1
| #define HAVE_FLOAT_H 1
| #define HAVE_LIMITS_H 1
| #define HAVE_NETDB_H 1
| #define HAVE_NETINET_IN_H 1
| #define HAVE_STDLIB_H 1
| #define HAVE_STRING_H 1
| #define HAVE_SYS_IOCTL_H 1
| #define HAVE_SYS_SOCKET_H 1
| #define HAVE_SYS_TIME_H 1
| #define HAVE_SYS_VFS_H 1
| #define HAVE_SYSLOG_H 1
| #define HAVE_UNISTD_H 1
| /* end confdefs.h.  */
| #include <stdio.h>
| #ifdef HAVE_SYS_TYPES_H
| # include <sys/types.h>
| #endif
| #ifdef HAVE_SYS_STAT_H
| # include <sys/stat.h>
| #endif
| #ifdef STDC_HEADERS
| # include <stdlib.h>
| # include <stddef.h>
| #else
| # ifdef HAVE_STDLIB_H
| #  include <stdlib.h>
| # endif
| #endif
| #ifdef HAVE_STRING_H
| # if !defined STDC_HEADERS && defined HAVE_MEMORY_H
| #  include <memory.h>
| # endif
| # include <string.h>
| #endif
| #ifdef HAVE_STRINGS_H
| # include <strings.h>
| #endif
| #ifdef HAVE_INTTYPES_H
| # include <inttypes.h>
| #endif
| #ifdef HAVE_STDINT_H
| # include <stdint.h>
| #endif
| #ifdef HAVE_UNISTD_H
| # include <unistd.h>
| #endif
| int
| main ()
| {
| if (sizeof ((ssize_t)))
| 	    return 0;
|   ;
|   return 0;
| }
configure:4506: result: yes
configure:4517: checking for uint16_t
configure:4517: gcc -c -g -O2  conftest.c >&5
configure:4517: $? = 0
configure:4517: result: yes
configure:4529: checking for uint32_t
configure:4529: gcc -c -g -O2  conftest.c >&5
configure:4529: $? = 0
configure:4529: result: yes
configure:4547: checking vfork.h usability
configure:4547: gcc -c -g -O2  conftest.c >&5
conftest.c:72:19: fatal error: vfork.h: No such file or directory
 #include <vfork.h>
                   ^
compilation terminated.
configure:4547: $? = 1
configure: failed program was:
| /* confdefs.h */
| #define PACKAGE_NAME "tmarlin"
| #define PACKAGE_TARNAME "tmarlin"
| #define PACKAGE_VERSION "1.0"
| #define PACKAGE_STRING "tmarlin 1.0"
| #define PACKAGE_BUGREPORT "aa@qq.com"
| #define PACKAGE_URL ""
| #define PACKAGE "tmarlin"
| #define VERSION "1.0"
| #define HAVE_LIBDL 1
| #define HAVE_LIBM 1
| #define HAVE_LIBPTHREAD 1
| #define HAVE_LIBPCAP 1
| #define STDC_HEADERS 1
| #define HAVE_SYS_TYPES_H 1
| #define HAVE_SYS_STAT_H 1
| #define HAVE_STDLIB_H 1
| #define HAVE_STRING_H 1
| #define HAVE_MEMORY_H 1
| #define HAVE_STRINGS_H 1
| #define HAVE_INTTYPES_H 1
| #define HAVE_STDINT_H 1
| #define HAVE_UNISTD_H 1
| #define HAVE_ARPA_INET_H 1
| #define HAVE_FCNTL_H 1
| #define HAVE_FLOAT_H 1
| #define HAVE_LIMITS_H 1
| #define HAVE_NETDB_H 1
| #define HAVE_NETINET_IN_H 1
| #define HAVE_STDLIB_H 1
| #define HAVE_STRING_H 1
| #define HAVE_SYS_IOCTL_H 1
| #define HAVE_SYS_SOCKET_H 1
| #define HAVE_SYS_TIME_H 1
| #define HAVE_SYS_VFS_H 1
| #define HAVE_SYSLOG_H 1
| #define HAVE_UNISTD_H 1
| /* end confdefs.h.  */
| #include <stdio.h>
| #ifdef HAVE_SYS_TYPES_H
| # include <sys/types.h>
| #endif
| #ifdef HAVE_SYS_STAT_H
| # include <sys/stat.h>
| #endif
| #ifdef STDC_HEADERS
| # include <stdlib.h>
| # include <stddef.h>
| #else
| # ifdef HAVE_STDLIB_H
| #  include <stdlib.h>
| # endif
| #endif
| #ifdef HAVE_STRING_H
| # if !defined STDC_HEADERS && defined HAVE_MEMORY_H
| #  include <memory.h>
| # endif
| # include <string.h>
| #endif
| #ifdef HAVE_STRINGS_H
| # include <strings.h>
| #endif
| #ifdef HAVE_INTTYPES_H
| # include <inttypes.h>
| #endif
| #ifdef HAVE_STDINT_H
| # include <stdint.h>
| #endif
| #ifdef HAVE_UNISTD_H
| # include <unistd.h>
| #endif
| #include <vfork.h>
configure:4547: result: no
configure:4547: checking vfork.h presence
configure:4547: gcc -E  conftest.c
conftest.c:39:19: fatal error: vfork.h: No such file or directory
 #include <vfork.h>
                   ^
compilation terminated.
configure:4547: $? = 1
configure: failed program was:
| /* confdefs.h */
| #define PACKAGE_NAME "tmarlin"
| #define PACKAGE_TARNAME "tmarlin"
| #define PACKAGE_VERSION "1.0"
| #define PACKAGE_STRING "tmarlin 1.0"
| #define PACKAGE_BUGREPORT "aa@qq.com"
| #define PACKAGE_URL ""
| #define PACKAGE "tmarlin"
| #define VERSION "1.0"
| #define HAVE_LIBDL 1
| #define HAVE_LIBM 1
| #define HAVE_LIBPTHREAD 1
| #define HAVE_LIBPCAP 1
| #define STDC_HEADERS 1
| #define HAVE_SYS_TYPES_H 1
| #define HAVE_SYS_STAT_H 1
| #define HAVE_STDLIB_H 1
| #define HAVE_STRING_H 1
| #define HAVE_MEMORY_H 1
| #define HAVE_STRINGS_H 1
| #define HAVE_INTTYPES_H 1
| #define HAVE_STDINT_H 1
| #define HAVE_UNISTD_H 1
| #define HAVE_ARPA_INET_H 1
| #define HAVE_FCNTL_H 1
| #define HAVE_FLOAT_H 1
| #define HAVE_LIMITS_H 1
| #define HAVE_NETDB_H 1
| #define HAVE_NETINET_IN_H 1
| #define HAVE_STDLIB_H 1
| #define HAVE_STRING_H 1
| #define HAVE_SYS_IOCTL_H 1
| #define HAVE_SYS_SOCKET_H 1
| #define HAVE_SYS_TIME_H 1
| #define HAVE_SYS_VFS_H 1
| #define HAVE_SYSLOG_H 1
| #define HAVE_UNISTD_H 1
| /* end confdefs.h.  */
| #include <vfork.h>
configure:4547: result: no
configure:4547: checking for vfork.h
configure:4547: result: no
configure:4560: checking for fork
configure:4560: gcc -o conftest -g -O2   conftest.c -lpcap -lpthread -lm -ldl  >&5
conftest.c:62:6: warning: conflicting types for built-in function 'fork' [enabled by default]
 char fork ();
      ^
configure:4560: $? = 0
configure:4560: result: yes
configure:4560: checking for vfork
configure:4560: gcc -o conftest -g -O2   conftest.c -lpcap -lpthread -lm -ldl  >&5
configure:4560: $? = 0
configure:4560: result: yes
configure:4570: checking for working fork
configure:4592: gcc -o conftest -g -O2   conftest.c -lpcap -lpthread -lm -ldl  >&5
configure:4592: $? = 0
configure:4592: ./conftest
configure:4592: $? = 0
configure:4602: result: yes
configure:4623: checking for working vfork
configure:4733: result: yes
configure:4760: checking for stdlib.h
configure:4760: result: yes
configure:4770: checking for GNU libc compatible malloc
configure:4794: gcc -o conftest -g -O2   conftest.c -lpcap -lpthread -lm -ldl  >&5
configure:4794: $? = 0
configure:4794: ./conftest
configure:4794: $? = 0
configure:4804: result: yes
configure:4825: checking whether time.h and sys/time.h may both be included
configure:4845: gcc -c -g -O2  conftest.c >&5
configure:4845: $? = 0
configure:4852: result: yes
configure:4866: checking for sys/time.h
configure:4866: result: yes
configure:4866: checking for unistd.h
configure:4866: result: yes
configure:4887: checking for alarm
configure:4887: gcc -o conftest -g -O2   conftest.c -lpcap -lpthread -lm -ldl  >&5
configure:4887: $? = 0
configure:4887: result: yes
configure:4900: checking for working mktime
configure:5102: gcc -o conftest -g -O2   conftest.c -lpcap -lpthread -lm -ldl  >&5
configure:5102: $? = 0
configure:5102: ./conftest
configure:5102: $? = 0
configure:5112: result: yes
configure:5126: checking for floor
configure:5126: gcc -o conftest -g -O2   conftest.c -lpcap -lpthread -lm -ldl  >&5
conftest.c:72:6: warning: conflicting types for built-in function 'floor' [enabled by default]
 char floor ();
      ^
configure:5126: $? = 0
configure:5126: result: yes
configure:5126: checking for getcwd
configure:5126: gcc -o conftest -g -O2   conftest.c -lpcap -lpthread -lm -ldl  >&5
configure:5126: $? = 0
configure:5126: result: yes
configure:5126: checking for gethostbyname
configure:5126: gcc -o conftest -g -O2   conftest.c -lpcap -lpthread -lm -ldl  >&5
configure:5126: $? = 0
configure:5126: result: yes
configure:5126: checking for gethostname
configure:5126: gcc -o conftest -g -O2   conftest.c -lpcap -lpthread -lm -ldl  >&5
configure:5126: $? = 0
configure:5126: result: yes
configure:5126: checking for inet_ntoa
configure:5126: gcc -o conftest -g -O2   conftest.c -lpcap -lpthread -lm -ldl  >&5
configure:5126: $? = 0
configure:5126: result: yes
configure:5126: checking for localtime_r
configure:5126: gcc -o conftest -g -O2   conftest.c -lpcap -lpthread -lm -ldl  >&5
configure:5126: $? = 0
configure:5126: result: yes
configure:5126: checking for memset
configure:5126: gcc -o conftest -g -O2   conftest.c -lpcap -lpthread -lm -ldl  >&5
conftest.c:78:6: warning: conflicting types for built-in function 'memset' [enabled by default]
 char memset ();
      ^
configure:5126: $? = 0
configure:5126: result: yes
configure:5126: checking for pow
configure:5126: gcc -o conftest -g -O2   conftest.c -lpcap -lpthread -lm -ldl  >&5
conftest.c:79:6: warning: conflicting types for built-in function 'pow' [enabled by default]
 char pow ();
      ^
configure:5126: $? = 0
configure:5126: result: yes
configure:5126: checking for socket
configure:5126: gcc -o conftest -g -O2   conftest.c -lpcap -lpthread -lm -ldl  >&5
configure:5126: $? = 0
configure:5126: result: yes
configure:5126: checking for strchr
configure:5126: gcc -o conftest -g -O2   conftest.c -lpcap -lpthread -lm -ldl  >&5
conftest.c:81:6: warning: conflicting types for built-in function 'strchr' [enabled by default]
 char strchr ();
      ^
configure:5126: $? = 0
configure:5126: result: yes
configure:5126: checking for strerror
configure:5126: gcc -o conftest -g -O2   conftest.c -lpcap -lpthread -lm -ldl  >&5
configure:5126: $? = 0
configure:5126: result: yes
configure:5126: checking for strstr
configure:5126: gcc -o conftest -g -O2   conftest.c -lpcap -lpthread -lm -ldl  >&5
conftest.c:83:6: warning: conflicting types for built-in function 'strstr' [enabled by default]
 char strstr ();
      ^
configure:5126: $? = 0
configure:5126: result: yes
configure:5247: checking that generated files are newer than configure
configure:5253: result: done
configure:5276: creating ./config.status

## ---------------------- ##
## Running config.status. ##
## ---------------------- ##

This file was extended by tmarlin config.status 1.0, which was
generated by GNU Autoconf 2.69.  Invocation command line was

  CONFIG_FILES    = 
  CONFIG_HEADERS  = 
  CONFIG_LINKS    = 
  CONFIG_COMMANDS = 
  $ ./config.status 

on localhost

config.status:892: creating Makefile
config.status:892: creating config.h
config.status:1073: config.h is unchanged
config.status:1121: executing depfiles commands

## ---------------- ##
## Cache variables. ##
## ---------------- ##

ac_cv_c_compiler_gnu=yes
ac_cv_c_uint16_t=yes
ac_cv_c_uint32_t=yes
ac_cv_env_CC_set=
ac_cv_env_CC_value=
ac_cv_env_CFLAGS_set=
ac_cv_env_CFLAGS_value=
ac_cv_env_CPPFLAGS_set=
ac_cv_env_CPPFLAGS_value=
ac_cv_env_CPP_set=
ac_cv_env_CPP_value=
ac_cv_env_LDFLAGS_set=
ac_cv_env_LDFLAGS_value=
ac_cv_env_LIBS_set=
ac_cv_env_LIBS_value=
ac_cv_env_build_alias_set=
ac_cv_env_build_alias_value=
ac_cv_env_host_alias_set=
ac_cv_env_host_alias_value=
ac_cv_env_target_alias_set=
ac_cv_env_target_alias_value=
ac_cv_func_alarm=yes
ac_cv_func_floor=yes
ac_cv_func_fork=yes
ac_cv_func_fork_works=yes
ac_cv_func_getcwd=yes
ac_cv_func_gethostbyname=yes
ac_cv_func_gethostname=yes
ac_cv_func_inet_ntoa=yes
ac_cv_func_localtime_r=yes
ac_cv_func_malloc_0_nonnull=yes
ac_cv_func_memset=yes
ac_cv_func_pow=yes
ac_cv_func_socket=yes
ac_cv_func_strchr=yes
ac_cv_func_strerror=yes
ac_cv_func_strstr=yes
ac_cv_func_vfork=yes
ac_cv_func_vfork_works=yes
ac_cv_func_working_mktime=yes
ac_cv_header_arpa_inet_h=yes
ac_cv_header_fcntl_h=yes
ac_cv_header_float_h=yes
ac_cv_header_inttypes_h=yes
ac_cv_header_limits_h=yes
ac_cv_header_memory_h=yes
ac_cv_header_netdb_h=yes
ac_cv_header_netinet_in_h=yes
ac_cv_header_stdc=yes
ac_cv_header_stdint_h=yes
ac_cv_header_stdlib_h=yes
ac_cv_header_string_h=yes
ac_cv_header_strings_h=yes
ac_cv_header_sys_ioctl_h=yes
ac_cv_header_sys_socket_h=yes
ac_cv_header_sys_stat_h=yes
ac_cv_header_sys_time_h=yes
ac_cv_header_sys_types_h=yes
ac_cv_header_sys_vfs_h=yes
ac_cv_header_syslog_h=yes
ac_cv_header_time=yes
ac_cv_header_unistd_h=yes
ac_cv_header_vfork_h=no
ac_cv_lib_dl_main=yes
ac_cv_lib_m_main=yes
ac_cv_lib_pcap_main=yes
ac_cv_lib_pthread_main=yes
ac_cv_objext=o
ac_cv_path_EGREP='/bin/grep -E'
ac_cv_path_GREP=/bin/grep
ac_cv_path_install='/usr/bin/install -c'
ac_cv_path_mkdir=/bin/mkdir
ac_cv_prog_AWK=mawk
ac_cv_prog_CPP='gcc -E'
ac_cv_prog_ac_ct_CC=gcc
ac_cv_prog_cc_c89=
ac_cv_prog_cc_g=yes
ac_cv_prog_make_make_set=yes
ac_cv_type_pid_t=yes
ac_cv_type_size_t=yes
ac_cv_type_ssize_t=yes
am_cv_CC_dependencies_compiler_type=gcc3
am_cv_make_support_nested_variables=yes
am_cv_prog_cc_c_o=yes

## ----------------- ##
## Output variables. ##
## ----------------- ##

ACLOCAL='${SHELL} /root/chenzz/linux/tmarlin/missing aclocal-1.14'
AMDEPBACKSLASH='\'
AMDEP_FALSE='#'
AMDEP_TRUE=''
AMTAR='$${TAR-tar}'
AM_BACKSLASH='\'
AM_DEFAULT_V='$(AM_DEFAULT_VERBOSITY)'
AM_DEFAULT_VERBOSITY='1'
AM_V='$(V)'
AUTOCONF='${SHELL} /root/chenzz/linux/tmarlin/missing autoconf'
AUTOHEADER='${SHELL} /root/chenzz/linux/tmarlin/missing autoheader'
AUTOMAKE='${SHELL} /root/chenzz/linux/tmarlin/missing automake-1.14'
AWK='mawk'
CC='gcc'
CCDEPMODE='depmode=gcc3'
CFLAGS='-g -O2'
CPP='gcc -E'
CPPFLAGS=''
CYGPATH_W='echo'
DEFS='-DHAVE_CONFIG_H'
DEPDIR='.deps'
ECHO_C=''
ECHO_N='-n'
ECHO_T=''
EGREP='/bin/grep -E'
EXEEXT=''
GREP='/bin/grep'
INSTALL_DATA='${INSTALL} -m 644'
INSTALL_PROGRAM='${INSTALL}'
INSTALL_SCRIPT='${INSTALL}'
INSTALL_STRIP_PROGRAM='$(install_sh) -c -s'
LDFLAGS=''
LIBOBJS=''
LIBS='-lpcap -lpthread -lm -ldl '
LTLIBOBJS=''
MAKEINFO='${SHELL} /root/chenzz/linux/tmarlin/missing makeinfo'
MKDIR_P='/bin/mkdir -p'
OBJEXT='o'
PACKAGE='tmarlin'
PACKAGE_BUGREPORT='aa@qq.com'
PACKAGE_NAME='tmarlin'
PACKAGE_STRING='tmarlin 1.0'
PACKAGE_TARNAME='tmarlin'
PACKAGE_URL=''
PACKAGE_VERSION='1.0'
PATH_SEPARATOR=':'
SET_MAKE=''
SHELL='/bin/bash'
STRIP=''
VERSION='1.0'
ac_ct_CC='gcc'
am__EXEEXT_FALSE=''
am__EXEEXT_TRUE='#'
am__fastdepCC_FALSE='#'
am__fastdepCC_TRUE=''
am__include='include'
am__isrc=''
am__leading_dot='.'
am__nodep='_no'
am__quote=''
am__tar='$${TAR-tar} chof - "$$tardir"'
am__untar='$${TAR-tar} xf -'
bindir='${exec_prefix}/bin'
build_alias=''
datadir='${datarootdir}'
datarootdir='${prefix}/share'
docdir='${datarootdir}/doc/${PACKAGE_TARNAME}'
dvidir='${docdir}'
exec_prefix='${prefix}'
host_alias=''
htmldir='${docdir}'
includedir='${prefix}/include'
infodir='${datarootdir}/info'
install_sh='${SHELL} /root/chenzz/linux/tmarlin/install-sh'
libdir='${exec_prefix}/lib'
libexecdir='${exec_prefix}/libexec'
localedir='${datarootdir}/locale'
localstatedir='${prefix}/var'
mandir='${datarootdir}/man'
mkdir_p='$(MKDIR_P)'
oldincludedir='/usr/include'
pdfdir='${docdir}'
prefix='/usr/local'
program_transform_name='s,x,x,'
psdir='${docdir}'
sbindir='${exec_prefix}/sbin'
sharedstatedir='${prefix}/com'
sysconfdir='${prefix}/etc'
target_alias=''

## ----------- ##
## confdefs.h. ##
## ----------- ##

/* confdefs.h */
#define PACKAGE_NAME "tmarlin"
#define PACKAGE_TARNAME "tmarlin"
#define PACKAGE_VERSION "1.0"
#define PACKAGE_STRING "tmarlin 1.0"
#define PACKAGE_BUGREPORT "aa@qq.com"
#define PACKAGE_URL ""
#define PACKAGE "tmarlin"
#define VERSION "1.0"
#define HAVE_LIBDL 1
#define HAVE_LIBM 1
#define HAVE_LIBPTHREAD 1
#define HAVE_LIBPCAP 1
#define STDC_HEADERS 1
#define HAVE_SYS_TYPES_H 1
#define HAVE_SYS_STAT_H 1
#define HAVE_STDLIB_H 1
#define HAVE_STRING_H 1
#define HAVE_MEMORY_H 1
#define HAVE_STRINGS_H 1
#define HAVE_INTTYPES_H 1
#define HAVE_STDINT_H 1
#define HAVE_UNISTD_H 1
#define HAVE_ARPA_INET_H 1
#define HAVE_FCNTL_H 1
#define HAVE_FLOAT_H 1
#define HAVE_LIMITS_H 1
#define HAVE_NETDB_H 1
#define HAVE_NETINET_IN_H 1
#define HAVE_STDLIB_H 1
#define HAVE_STRING_H 1
#define HAVE_SYS_IOCTL_H 1
#define HAVE_SYS_SOCKET_H 1
#define HAVE_SYS_TIME_H 1
#define HAVE_SYS_VFS_H 1
#define HAVE_SYSLOG_H 1
#define HAVE_UNISTD_H 1
#define HAVE_FORK 1
#define HAVE_VFORK 1
#define HAVE_WORKING_VFORK 1
#define HAVE_WORKING_FORK 1
#define HAVE_STDLIB_H 1
#define HAVE_MALLOC 1
#define TIME_WITH_SYS_TIME 1
#define HAVE_SYS_TIME_H 1
#define HAVE_UNISTD_H 1
#define HAVE_ALARM 1
#define HAVE_FLOOR 1
#define HAVE_GETCWD 1
#define HAVE_GETHOSTBYNAME 1
#define HAVE_GETHOSTNAME 1
#define HAVE_INET_NTOA 1
#define HAVE_LOCALTIME_R 1
#define HAVE_MEMSET 1
#define HAVE_POW 1
#define HAVE_SOCKET 1
#define HAVE_STRCHR 1
#define HAVE_STRERROR 1
#define HAVE_STRSTR 1

configure: exit 0
